{
  "stats": {
    "suites": 1,
    "tests": 3,
    "passes": 3,
    "pending": 0,
    "failures": 0,
    "start": "2026-07-08T13:03:49.601Z",
    "end": "2026-07-08T13:03:50.036Z",
    "duration": 435,
    "testsRegistered": 3,
    "passPercent": 100,
    "pendingPercent": 0,
    "other": 0,
    "hasOther": false,
    "skipped": 0,
    "hasSkipped": false
  },
  "results": [
    {
      "uuid": "7932c619-3886-415e-956e-c52548d8aa43",
      "title": "",
      "fullFile": "cypress/e2e/upload.cy.ts",
      "file": "cypress/e2e/upload.cy.ts",
      "beforeHooks": [],
      "afterHooks": [],
      "tests": [],
      "suites": [
        {
          "uuid": "b3f85925-c717-4fa7-a837-ba0d5c68e102",
          "title": "uploading a report",
          "fullFile": "",
          "file": "",
          "beforeHooks": [],
          "afterHooks": [],
          "tests": [
            {
              "title": "analyzes an uploaded report client-side",
              "fullTitle": "uploading a report analyzes an uploaded report client-side",
              "timedOut": null,
              "duration": 185,
              "state": "passed",
              "speed": "fast",
              "pass": true,
              "fail": false,
              "pending": false,
              "context": null,
              "code": "upload(reportWithCanary('renders results fast'), 'my-suite.json');\ncy.contains(/my-suite\\.json/).should('be.visible');\ncy.contains(/2 tests/i).should('be.visible');",
              "err": {},
              "uuid": "20451437-2c87-4fbb-979a-37d5a48fba63",
              "parentUUID": "b3f85925-c717-4fa7-a837-ba0d5c68e102",
              "isHook": false,
              "skipped": false
            },
            {
              "title": "surfaces a clear error for a malformed report",
              "fullTitle": "uploading a report surfaces a clear error for a malformed report",
              "timedOut": null,
              "duration": 105,
              "state": "passed",
              "speed": "fast",
              "pass": true,
              "fail": false,
              "pending": false,
              "context": null,
              "code": "upload('{ not valid json', 'broken.json');\ncy.get('[role=\"alert\"]').should('be.visible');\ncy.contains(/demo report/i).should('be.visible');",
              "err": {},
              "uuid": "d5137a6f-2e5e-4263-bdb6-7890d8fafb2c",
              "parentUUID": "b3f85925-c717-4fa7-a837-ba0d5c68e102",
              "isHook": false,
              "skipped": false
            },
            {
              "title": "never sends the report off the page (privacy)",
              "fullTitle": "uploading a report never sends the report off the page (privacy)",
              "timedOut": null,
              "duration": 91,
              "state": "passed",
              "speed": "fast",
              "pass": true,
              "fail": false,
              "pending": false,
              "context": null,
              "code": "const canary = 'PRIVACY-CANARY-cy-8f3a2b';\nconst outbound = [];\ncy.intercept('**', (req) => {\n    outbound.push(`${req.url} ${JSON.stringify(req.body ?? '')}`);\n    req.continue();\n});\nupload(reportWithCanary(canary), 'canary.json');\ncy.contains(/canary\\.json/).should('be.visible');\n// No intercepted request ever carries the report content.\ncy.wrap(null).then(() => {\n    expect(outbound.join(' ')).not.to.contain(canary);\n});",
              "err": {},
              "uuid": "a3755eef-e4c7-470f-b3df-e8e9185fa0d4",
              "parentUUID": "b3f85925-c717-4fa7-a837-ba0d5c68e102",
              "isHook": false,
              "skipped": false
            }
          ],
          "suites": [],
          "passes": [
            "20451437-2c87-4fbb-979a-37d5a48fba63",
            "d5137a6f-2e5e-4263-bdb6-7890d8fafb2c",
            "a3755eef-e4c7-470f-b3df-e8e9185fa0d4"
          ],
          "failures": [],
          "pending": [],
          "skipped": [],
          "duration": 381,
          "root": false,
          "rootEmpty": false,
          "_timeout": 2000
        }
      ],
      "passes": [],
      "failures": [],
      "pending": [],
      "skipped": [],
      "duration": 0,
      "root": true,
      "rootEmpty": true,
      "_timeout": 2000
    }
  ],
  "meta": {
    "mocha": {
      "version": "7.2.0"
    },
    "mochawesome": {
      "options": {
        "quiet": false,
        "reportFilename": "mochawesome",
        "saveHtml": true,
        "saveJson": true,
        "consoleReporter": "spec",
        "useInlineDiffs": false,
        "code": true
      },
      "version": "7.1.4"
    },
    "marge": {
      "options": {
        "mochaFile": "reports/junit/cypress-[hash].xml",
        "toConsole": false
      },
      "version": "6.3.2"
    }
  }
}